Using pre-set license
Built from '2020.3/staging' branch; Version is '2020.3.13f1 (71691879b7f5) revision 7432472'; Using compiler version '192528614'; Build Type 'Release'
OS: 'Windows 10 Pro; OS build 18363.1556; Version 1909; 64bit' Language: 'en' Physical Memory: 8072 MB
BatchMode: 1, IsHumanControllingUs: 0, StartBugReporterOnCrash: 0, Is64bit: 1, IsPro: 0

 COMMAND LINE ARGUMENTS:
C:\Program Files\Unity\Hub\Editor\2020.3.13f1\Editor\Unity.exe
-adb2
-batchMode
-noUpm
-name
AssetImportWorker1
-projectPath
C:/Users/Sapir/Desktop/פרוייקט גמר/New Unity Project (2)
-logFile
Logs/AssetImportWorker1.log
-srvPort
52110
Successfully changed project path to: C:/Users/Sapir/Desktop/פרוייקט גמר/New Unity Project (2)
C:/Users/Sapir/Desktop/פרוייקט גמר/New Unity Project (2)
Using Asset Import Pipeline V2.
Refreshing native plugins compatible for Editor in 172.73 ms, found 2 plugins.
Preloading 0 native plugins for Editor in 0.00 ms.
Initialize engine version: 2020.3.13f1 (71691879b7f5)
[Subsystems] Discovering subsystems at path C:/Program Files/Unity/Hub/Editor/2020.3.13f1/Editor/Data/Resources/UnitySubsystems
[Subsystems] Discovering subsystems at path C:/Users/Sapir/Desktop/פרוייקט גמר/New Unity Project (2)/Assets
GfxDevice: creating device client; threaded=0
Direct3D:
    Version:  Direct3D 11.0 [level 11.0]
    Renderer: NVIDIA GeForce 940MX (ID=0x134d)
    Vendor:   
    VRAM:     2010 MB
    Driver:   27.21.14.5167
Initialize mono
Mono path[0] = 'C:/Program Files/Unity/Hub/Editor/2020.3.13f1/Editor/Data/Managed'
Mono path[1] = 'C:/Program Files/Unity/Hub/Editor/2020.3.13f1/Editor/Data/MonoBleedingEdge/lib/mono/unityjit'
Mono config path = 'C:/Program Files/Unity/Hub/Editor/2020.3.13f1/Editor/Data/MonoBleedingEdge/etc'
Using monoOptions --debugger-agent=transport=dt_socket,embedding=1,server=y,suspend=n,address=127.0.0.1:56196
Begin MonoManager ReloadAssembly
Registering precompiled unity dll's ...
Register platform support module: C:/Program Files/Unity/Hub/Editor/2020.3.13f1/Editor/Data/PlaybackEngines/WindowsStandaloneSupport/UnityEditor.WindowsStandalone.Extensions.dll
Register platform support module: C:/Program Files/Unity/Hub/Editor/2020.3.13f1/Editor/Data/PlaybackEngines/LinuxStandaloneSupport/UnityEditor.LinuxStandalone.Extensions.dll
Registered in 0.004440 seconds.
Native extension for LinuxStandalone target not found
Native extension for WindowsStandalone target not found
Refreshing native plugins compatible for Editor in 349.51 ms, found 2 plugins.
Preloading 0 native plugins for Editor in 0.00 ms.
Mono: successfully reloaded assembly
- Completed reload, in 12.544 seconds
Platform modules already initialized, skipping
Registering precompiled user dll's ...
Registered in 0.014442 seconds.
Begin MonoManager ReloadAssembly
Native extension for LinuxStandalone target not found
Native extension for WindowsStandalone target not found
Refreshing native plugins compatible for Editor in 0.39 ms, found 2 plugins.
Preloading 0 native plugins for Editor in 0.00 ms.
Mono: successfully reloaded assembly
- Completed reload, in  2.644 seconds
Platform modules already initialized, skipping
========================================================================
Worker process is ready to serve import requests
Launched and connected shader compiler UnityShaderCompiler.exe after 0.10 seconds
Refreshing native plugins compatible for Editor in 0.80 ms, found 2 plugins.
Preloading 0 native plugins for Editor in 0.00 ms.
Unloading 1390 Unused Serialized files (Serialized files now loaded: 0)
System memory in use before: 64.9 MB.
System memory in use after: 65.0 MB.

Unloading 19 unused Assets to reduce memory usage. Loaded Objects now: 1823.
Total: 4.327900 ms (FindLiveObjects: 0.283400 ms CreateObjectMapping: 0.140900 ms MarkObjects: 3.571500 ms  DeleteObjects: 0.329300 ms)

AssetImportParameters requested are different than current active one (requested -> active):
  custom:framework-win-MediaFoundation: 216162199b28c13a410421893ffa2e32 -> 
  custom:video-decoder-ogg-theora: a1e56fd34408186e4bbccfd4996cb3dc -> 
  custom:container-muxer-webm: aa71ff27fc2769a1b78a27578f13a17b -> 
  custom:container-demuxer-webm: 4f35f7cbe854078d1ac9338744f61a02 -> 
  custom:container-demuxer-ogg: 62fdf1f143b41e24485cea50d1cbac27 -> 
  custom:video-encoder-webm-vp8: eb34c28f22e8b96e1ab97ce403110664 -> 
  custom:video-codec-MediaFoundation-h265: 746d11721c4dcdbdad8f713fa42b33f4 -> 
  custom:video-decoder-webm-vp8: 9c59270c3fd7afecdb556c50c9e8de78 -> 
  custom:audio-decoder-ogg-vorbis: bf7c407c2cedff20999df2af8eb42d56 -> 
  custom:audio-encoder-webm-vorbis: bf7c407c2cedff20999df2af8eb42d56 -> 
========================================================================
Received Import Request.
  path: Assets/Chair/Chair Mood.fbx
  artifactKey: Guid(e6122d523b738a84299534b294cc41cf) Importer(815301076,1909f56bfc062723c751e8b465ee728b)
Start importing Assets/Chair/Chair Mood.fbx using Guid(e6122d523b738a84299534b294cc41cf) Importer(815301076,1909f56bfc062723c751e8b465ee728b)  -> (artifact id: 'a076d080ee59bd8260d02baf1ed6ef60') in 0.967455 seconds 
  Import took 0.972222 seconds .

========================================================================
Received Import Request.
  Time since last request: 0.000369 seconds.
  path: Assets/Chair/Colette Chair.obj
  artifactKey: Guid(336847790cb6d774e9ff33257f52e74f) Importer(815301076,1909f56bfc062723c751e8b465ee728b)
Start importing Assets/Chair/Colette Chair.obj using Guid(336847790cb6d774e9ff33257f52e74f) Importer(815301076,1909f56bfc062723c751e8b465ee728b)  -> (artifact id: 'fb312c07a7a4fb8b861a8d84a73a76bd') in 2.156118 seconds 
  Import took 2.167218 seconds .

========================================================================
Received Import Request.
  Time since last request: 0.000343 seconds.
  path: Assets/Chair/Comfortable Chair.obj
  artifactKey: Guid(faa0b6f2578efe64d837dbac7b883761) Importer(815301076,1909f56bfc062723c751e8b465ee728b)
Start importing Assets/Chair/Comfortable Chair.obj using Guid(faa0b6f2578efe64d837dbac7b883761) Importer(815301076,1909f56bfc062723c751e8b465ee728b)  -> (artifact id: '000a3a58eb91a706e84a602a83b64570') in 0.298894 seconds 
  Import took 0.306750 seconds .

========================================================================
Received Import Request.
  Time since last request: 0.000363 seconds.
  path: Assets/Chair/French Vintage Stool.obj
  artifactKey: Guid(dc5b116bcb12a854699d5d7bf4a4a81c) Importer(815301076,1909f56bfc062723c751e8b465ee728b)
Start importing Assets/Chair/French Vintage Stool.obj using Guid(dc5b116bcb12a854699d5d7bf4a4a81c) Importer(815301076,1909f56bfc062723c751e8b465ee728b)  -> (artifact id: '727c6e3cf57f83176c9a6f81bb8ebdde') in 2.842152 seconds 
  Import took 2.852362 seconds .

========================================================================
Received Import Request.
  Time since last request: 0.000312 seconds.
  path: Assets/Chair/Capdell Moon Bold.obj
  artifactKey: Guid(c8fc7093e4687bf43ab6ceef4fad3e87) Importer(815301076,1909f56bfc062723c751e8b465ee728b)
Start importing Assets/Chair/Capdell Moon Bold.obj using Guid(c8fc7093e4687bf43ab6ceef4fad3e87) Importer(815301076,1909f56bfc062723c751e8b465ee728b)  -> (artifact id: '451e9ce671f85b7d09a2976578c1d20b') in 0.158144 seconds 
  Import took 0.165979 seconds .

========================================================================
Received Import Request.
  Time since last request: 0.000787 seconds.
  path: Assets/Chair/CADEIRA Armrest Costa Beach.obj
  artifactKey: Guid(af87cdeaafe29c14a8946ba28310d58a) Importer(815301076,1909f56bfc062723c751e8b465ee728b)
Start importing Assets/Chair/CADEIRA Armrest Costa Beach.obj using Guid(af87cdeaafe29c14a8946ba28310d58a) Importer(815301076,1909f56bfc062723c751e8b465ee728b)  -> (artifact id: '2d0f8bbfb89d124d7cd82df492b2f61f') in 0.438566 seconds 
  Import took 0.446587 seconds .

========================================================================
Received Import Request.
  Time since last request: 0.000094 seconds.
  path: Assets/Chair/Beanbag Chair.obj
  artifactKey: Guid(e6d078f7617327e40bbbfd508feb4678) Importer(815301076,1909f56bfc062723c751e8b465ee728b)
Start importing Assets/Chair/Beanbag Chair.obj using Guid(e6d078f7617327e40bbbfd508feb4678) Importer(815301076,1909f56bfc062723c751e8b465ee728b)  -> (artifact id: '58b9e318ff07643dd7fb721a9ad9bf2b') in 0.140775 seconds 
  Import took 0.148341 seconds .

========================================================================
Received Import Request.
  Time since last request: 0.000328 seconds.
  path: Assets/Chair/Work Chair.obj
  artifactKey: Guid(892031b5ecec8b24d9c156bc25a32a8d) Importer(815301076,1909f56bfc062723c751e8b465ee728b)
Start importing Assets/Chair/Work Chair.obj using Guid(892031b5ecec8b24d9c156bc25a32a8d) Importer(815301076,1909f56bfc062723c751e8b465ee728b)  -> (artifact id: '2c3b65808fac59a2f783be5c1e9cf783') in 1.245757 seconds 
  Import took 1.251858 seconds .

========================================================================
Received Import Request.
  Time since last request: 0.003666 seconds.
  path: Assets/Chair/Eames Chair.fbx
  artifactKey: Guid(5eecde401127e8b409e02fed9349c595) Importer(815301076,1909f56bfc062723c751e8b465ee728b)
Start importing Assets/Chair/Eames Chair.fbx using Guid(5eecde401127e8b409e02fed9349c595) Importer(815301076,1909f56bfc062723c751e8b465ee728b)  -> (artifact id: '71cfce81bd7fee6feed1b6b50875bc5f') in 0.118876 seconds 
  Import took 0.125068 seconds .

========================================================================
Received Import Request.
  Time since last request: 0.000487 seconds.
  path: Assets/Chair/Rabbit Chair.fbx
  artifactKey: Guid(4d20c572836cbe5478a9b530bbdb4fb9) Importer(815301076,1909f56bfc062723c751e8b465ee728b)
Start importing Assets/Chair/Rabbit Chair.fbx using Guid(4d20c572836cbe5478a9b530bbdb4fb9) Importer(815301076,1909f56bfc062723c751e8b465ee728b)  -> (artifact id: 'b63319bddbf0ec9432e1eedefeec7d23') in 0.047258 seconds 
  Import took 0.056838 seconds .

========================================================================
Received Import Request.
  Time since last request: 0.000416 seconds.
  path: Assets/Chair/Chair.obj
  artifactKey: Guid(f17cbff44532e1648b47319bb0f91527) Importer(815301076,1909f56bfc062723c751e8b465ee728b)
Start importing Assets/Chair/Chair.obj using Guid(f17cbff44532e1648b47319bb0f91527) Importer(815301076,1909f56bfc062723c751e8b465ee728b)  -> (artifact id: '799f7a04d75352bdaad096c3e53bf6a0') in 0.200410 seconds 
  Import took 0.215090 seconds .

========================================================================
Received Import Request.
  Time since last request: 0.000671 seconds.
  path: Assets/Chair/Modica.fbx
  artifactKey: Guid(f9f30973d1faf364eb57d04649cc418c) Importer(815301076,1909f56bfc062723c751e8b465ee728b)
Start importing Assets/Chair/Modica.fbx using Guid(f9f30973d1faf364eb57d04649cc418c) Importer(815301076,1909f56bfc062723c751e8b465ee728b)  -> (artifact id: '5723336266f3e650c62382d98e4f5d3e') in 0.086634 seconds 
  Import took 0.092426 seconds .

========================================================================
Received Import Request.
  Time since last request: 0.000377 seconds.
  path: Assets/Chair
  artifactKey: Guid(f3611f9a18c5e744ba797ee515a1c9f1) Importer(815301076,1909f56bfc062723c751e8b465ee728b)
Start importing Assets/Chair using Guid(f3611f9a18c5e744ba797ee515a1c9f1) Importer(815301076,1909f56bfc062723c751e8b465ee728b)  -> (artifact id: 'ed191d16e43f8ebb6e466df990f3bcf5') in 0.021813 seconds 
  Import took 0.045850 seconds .

AssetImportWorkerClient::OnTransportError - code=2 error=End of file
